157283793
252470449
536310248
774659479
211310593
0
543667544
875122958
155981905
781092329
739764396
764440384
727670109
180243636
53272285
0
694995574
27417662
71928440
0
470798468
724545633
393463907
732718602
190332719
520156898
980767509
139099286
47382673
944138282
919844253
755403497
920842634
344482953
542322274
848227622
244720917
585860443
628340250
866319964
986522612
204518320
32483379
0
142089753
991527446
533285148
432286970
672460127
1
557961386
730111230
765888545
548852932
771452515
585179454
0
721784231
713254043
543041498
672674300
142584187
397510100
93815183
4601785
0
0
610513282
437269237
825297482
872307367
322596064
343580908
466723901
521498175
118179575
956138014
327428951
0
405581544
362175153
177365496
700596741
517279280
347246121
276488710
537750484
426997923
760910482
948985956
120291767
383163507
415853462
644062510
922809770
242093487
853494584
0
105653173
192809902
