YES
2 1 4 7 3 5 6 8 10 9 
NO
YES
3 2 4 1 5 7 6 8 9 
YES
2 3 1 5 6 7 8 4 9 
YES
3 1 2 4 5 6 9 7 8 
YES
1 2 4 6 3 5 7 8 10 9 
NO
NO
YES
1 2 6 3 4 9 7 5 8 
YES
2 1 3 4 5 8 6 7 9 
NO
YES
3 2 1 4 6 9 7 5 8 
YES
2 1 4 3 6 5 8 7 9 
YES
4 1 2 3 6 5 8 7 9 
YES
3 1 2 4 5 7 6 9 10 8 
YES
4 1 2 3 5 6 10 9 7 8 
NO
YES
6 3 8 1 9 5 10 2 7 4 
YES
4 2 1 9 6 7 3 5 8 
NO
YES
3 2 4 5 7 6 8 9 1 
NO
NO
YES
2 1 3 4 7 5 6 10 9 8 
NO
YES
3 1 6 2 4 10 8 9 5 7 
NO
NO
NO
YES
1 2 3 4 8 6 7 5 9 
YES
1 3 2 5 6 9 7 8 4 
NO
YES
2 3 1 4 6 7 5 8 9 
NO
NO
NO
YES
2 1 5 3 4 6 8 9 7 10 
NO
NO
YES
6 1 8 2 9 3 4 5 7 
YES
1 2 5 3 6 7 9 4 8 
YES
2 3 1 4 7 10 5 6 8 9 
YES
2 1 3 7 4 5 6 8 9 
YES
2 1 6 3 5 4 8 7 9 
NO
YES
5 1 7 2 8 4 6 3 9 10 
NO
NO
NO
NO
NO
YES
2 1 3 4 7 6 8 5 9 
NO
NO
NO
NO
YES
2 1 6 3 7 5 10 4 9 8 
YES
1 2 3 4 6 8 5 7 9 
YES
1 2 5 3 4 10 6 9 7 8 
NO
YES
2 1 4 3 6 7 5 8 9 
YES
1 2 3 4 6 5 7 8 9 
YES
1 2 4 5 3 6 7 8 9 10 
YES
1 4 5 7 2 6 8 9 3 
NO
YES
2 1 3 5 6 8 7 4 9 10 
YES
3 2 6 4 8 5 9 7 1 
YES
4 1 2 6 5 8 7 9 3 
NO
NO
NO
YES
4 2 1 3 5 7 8 6 9 
YES
2 1 5 3 4 6 8 7 9 
NO
YES
4 2 7 1 5 3 9 10 8 6 
NO
YES
2 1 5 3 10 8 7 9 4 6 
NO
YES
1 2 5 6 3 4 8 9 7 
YES
1 2 4 3 7 5 6 8 9 
YES
2 1 5 3 4 6 7 8 9 
NO
NO
YES
3 1 2 6 4 8 9 7 5 
YES
3 1 2 4 6 7 5 9 8 
YES
3 6 1 8 9 10 2 4 5 7 
NO
YES
2 3 1 5 6 8 4 10 7 9 
NO
YES
1 2 3 4 9 6 7 5 8 
YES
3 2 6 1 4 9 7 8 5 10 
YES
2 1 3 4 5 6 8 7 9 
NO
YES
1 3 2 4 5 8 6 10 7 9 
NO
NO
NO
YES
3 2 7 1 4 5 8 6 9 
YES
4 1 2 3 6 10 5 7 8 9 
YES
4 1 2 8 5 6 7 10 9 3 
NO
YES
2 3 1 4 5 6 8 7 9 
YES
3 1 4 2 5 7 8 9 6 
YES
1 2 4 3 6 5 7 9 8 
YES
2 1 4 6 3 7 5 9 8 10 
YES
4 1 6 2 3 5 8 9 7 
NO
YES
3 2 5 1 4 7 6 9 8 
YES
2 1 5 3 6 7 4 9 8 10 
NO
NO
YES
1 3 4 6 2 5 7 8 9 
YES
6 3 7 1 4 5 9 2 8 
YES
3 1 5 2 4 6 7 9 8 
YES
4 1 3 7 6 8 9 5 2 
NO
YES
1 3 4 6 2 5 7 8 9 
YES
1 3 4 6 2 5 7 8 9 
NO
NO
YES
4 2 5 1 6 8 7 9 3 
YES
3 2 5 1 4 8 7 6 9 
YES
3 2 1 5 4 9 6 7 8 
NO
YES
3 2 7 1 4 6 9 5 8 
YES
4 1 2 6 5 8 3 7 9 
NO
YES
4 2 1 3 6 8 7 5 9 
YES
4 3 2 8 5 7 1 9 6 
NO
YES
1 2 3 4 5 8 7 6 9 
YES
1 3 4 9 2 5 6 7 8 
NO
NO
YES
2 1 4 5 3 6 9 7 8 
YES
2 1 3 5 4 7 6 8 9 
NO
NO
NO
YES
3 1 4 2 9 5 6 7 8 
YES
1 4 5 7 2 9 3 10 8 6 
NO
YES
3 2 6 1 8 4 7 5 9 
YES
6 2 3 4 7 8 9 5 1 
YES
5 2 1 3 6 7 4 8 9 
YES
1 4 2 5 3 6 7 10 9 8 
NO
YES
4 2 5 1 8 6 9 10 3 7 
NO
NO
YES
4 2 5 1 8 3 6 9 7 
YES
1 3 2 4 8 6 7 9 5 
NO
YES
3 2 5 1 7 4 9 6 8 10 
YES
6 2 1 3 7 4 8 5 9 
YES
5 1 6 2 4 3 7 9 10 8 
NO
YES
3 1 6 2 7 4 5 9 8 
YES
5 4 1 8 6 2 7 9 3 
NO
YES
4 2 1 7 5 10 8 9 3 6 
YES
4 2 1 3 5 9 7 6 8 
NO
NO
NO
YES
4 2 5 1 9 3 10 8 6 7 
NO
NO
YES
1 3 2 5 6 8 4 9 7 
YES
4 1 2 3 5 10 9 6 7 8 
NO
NO
YES
3 2 1 9 4 5 7 8 6 
YES
3 1 4 2 7 8 6 10 5 9 
YES
4 2 5 1 3 9 6 7 8 
NO
NO
YES
2 1 5 3 4 8 6 9 7 10 
NO
YES
2 1 4 3 5 8 6 10 7 9 
NO
YES
2 1 3 7 5 9 8 4 10 6 
NO
YES
2 1 3 4 5 8 6 10 7 9 
YES
4 1 5 2 6 3 9 7 10 8 
YES
4 1 8 2 5 6 9 3 7 
NO
NO
YES
2 1 5 3 4 6 7 8 9 10 
NO
YES
2 1 5 3 6 4 8 9 7 
YES
2 4 1 5 9 6 7 8 3 
YES
3 1 8 2 9 4 5 6 7 
NO
NO
NO
NO
YES
1 2 4 3 5 6 7 8 10 9 
NO
YES
2 3 6 9 1 7 5 4 8 
YES
3 2 6 1 4 5 8 7 9 
NO
NO
YES
3 1 4 5 6 7 9 8 2 
NO
NO
YES
2 1 3 4 5 6 10 9 8 7 
YES
3 1 5 2 7 6 9 4 10 8 
NO
YES
2 1 3 6 4 5 8 7 9 10 
YES
1 3 2 5 7 8 4 6 9 10 
NO
YES
5 2 7 1 8 6 9 3 4 
YES
3 1 2 5 4 6 7 10 8 9 
YES
2 1 3 6 4 7 5 10 8 9 
NO
YES
3 1 2 4 5 8 7 9 6 
NO
NO
NO
YES
3 2 1 4 6 7 8 9 5 
NO
YES
2 1 4 3 5 6 8 7 9 
NO
YES
2 3 4 9 1 6 5 7 8 
YES
6 1 2 4 7 3 8 9 5 
NO
NO
YES
3 2 5 1 8 6 7 4 9 10 
YES
1 2 3 4 6 8 5 7 9 
YES
4 1 7 2 3 6 8 5 9 
NO
NO
YES
3 2 1 5 4 6 8 7 9 
YES
5 2 1 3 6 9 10 7 4 8 
YES
1 3 4 5 2 7 6 8 9 
YES
5 1 6 2 8 4 9 7 10 3 
YES
3 1 6 4 5 9 7 8 2 
YES
3 2 1 4 7 5 8 6 9 
NO
NO
YES
5 4 3 10 7 1 8 6 9 2 
YES
2 3 1 4 9 5 6 7 8 
YES
1 2 3 4 5 7 6 9 8 10 
YES
5 1 6 2 3 7 9 8 4 
YES
3 2 1 6 4 7 5 8 9 
NO
YES
4 3 1 5 7 2 8 6 9 
NO
YES
3 1 5 2 9 4 7 8 6 
YES
2 3 5 6 1 4 7 9 8 
YES
2 1 3 5 4 6 8 7 9 10 
YES
4 2 1 8 5 6 7 3 10 9 
YES
2 1 3 5 4 6 7 9 8 
NO
NO
NO
YES
3 2 1 4 6 5 8 9 10 7 
NO
YES
2 1 4 7 3 5 6 9 8 
YES
6 1 2 4 7 8 3 5 9 
YES
1 2 4 5 3 7 6 8 9 
YES
4 2 1 5 6 7 8 3 9 10 
YES
4 2 5 1 6 3 8 7 9 10 
YES
2 3 1 4 6 7 8 5 10 9 
NO
NO
YES
4 1 2 7 5 8 3 6 9 
YES
5 2 1 3 6 8 9 4 7 
YES
1 6 2 8 4 9 5 7 3 
YES
1 3 4 7 2 5 8 9 6 10 
NO
YES
1 2 3 4 5 7 6 8 9 
YES
2 1 4 5 3 8 6 7 9 
YES
2 1 3 6 4 9 7 5 8 
YES
2 3 1 5 4 6 7 8 10 9 
NO
NO
YES
2 1 3 4 5 6 7 9 8 
NO
YES
3 2 1 6 5 10 4 8 7 9 
NO
NO
YES
3 1 5 2 4 6 7 9 8 
NO
YES
3 2 7 1 5 4 8 9 6 
NO
NO
NO
YES
3 2 5 1 7 4 9 6 10 8 
NO
YES
5 2 1 3 8 9 6 7 4 10 
YES
3 1 2 6 4 5 8 10 9 7 
YES
4 1 2 3 5 6 9 7 8 
YES
4 5 6 7 3 9 2 1 8 10 
NO
NO
YES
2 1 7 3 8 4 6 5 9 10 
NO
YES
1 3 2 4 6 5 7 8 9 
NO
NO
NO
YES
1 3 5 8 2 4 9 6 7 
NO
YES
4 1 5 2 7 3 6 9 8 
NO
NO
YES
1 3 2 4 9 7 5 6 8 
NO
YES
2 1 4 5 3 6 7 9 8 
YES
4 3 1 5 6 2 7 8 9 
NO
NO
NO
YES
5 3 2 9 6 1 10 8 4 7 
YES
2 3 5 6 1 8 4 9 7 
NO
YES
2 1 4 3 5 6 7 10 8 9 
YES
1 2 3 4 5 8 7 9 6 
YES
4 3 6 2 5 1 8 9 10 7 
NO
NO
NO
YES
5 2 1 4 8 6 9 3 7 10 
NO
YES
6 2 8 1 9 3 10 4 5 7 
YES
2 4 1 5 3 8 6 7 9 
YES
3 2 1 5 4 7 6 8 9 
NO
YES
3 1 4 2 5 7 8 9 6 
YES
4 3 1 5 7 10 6 2 8 9 
NO
YES
4 1 8 2 9 3 5 6 7 
YES
4 1 5 2 8 3 6 7 9 
YES
1 2 3 5 6 7 4 8 10 9 
NO
YES
4 3 2 8 5 7 9 1 6 
NO
YES
5 2 8 1 9 4 6 7 3 
NO
YES
3 2 4 1 9 5 7 8 6 
NO
YES
2 1 3 4 5 7 9 6 8 
NO
YES
5 1 2 3 7 4 8 9 6 
YES
3 2 5 7 4 6 8 9 1 
YES
3 4 1 5 2 6 7 9 8 
YES
4 2 7 1 9 3 5 6 8 
NO
YES
1 2 6 3 4 5 7 8 9 
YES
3 1 2 4 5 6 8 9 7 
NO
YES
4 1 2 8 5 3 9 7 6 
NO
YES
2 3 5 6 1 4 7 8 9 
NO
YES
3 1 2 4 5 7 6 8 9 
YES
1 3 2 4 6 5 8 9 10 7 
NO
YES
2 4 1 5 3 6 8 9 7 
YES
2 3 4 5 1 7 6 9 8 
YES
2 1 7 3 4 6 9 10 5 8 
NO
NO
NO
NO
YES
2 1 7 3 9 4 8 6 5 
YES
5 2 1 3 6 7 9 4 10 8 
YES
4 2 6 1 5 3 7 8 9 
NO
YES
4 1 5 2 8 3 9 6 7 
NO
YES
2 3 1 4 9 5 7 6 8 
NO
YES
3 2 5 1 6 7 4 9 8 
YES
6 3 9 2 10 4 5 1 8 7 
NO
YES
1 3 2 4 6 5 9 7 8 
YES
3 2 1 5 4 8 9 7 6 
YES
2 1 4 3 6 5 8 7 9 
NO
YES
4 3 5 1 8 10 6 2 7 9 
YES
5 4 3 6 8 1 9 10 2 7 
NO
YES
3 1 5 2 8 4 6 7 9 
NO
NO
YES
1 3 4 5 2 7 8 9 6 
NO
NO
YES
5 4 8 1 6 7 9 10 2 3 
YES
2 1 3 5 4 10 6 9 7 8 
YES
3 2 4 1 7 5 10 6 9 8 
YES
3 2 6 1 9 4 7 5 10 8 
NO
NO
YES
4 3 1 6 5 7 8 9 2 10 
YES
3 2 4 1 6 5 7 8 9 
NO
NO
YES
3 2 1 8 4 6 9 10 5 7 
YES
3 1 2 4 5 9 6 8 7 
YES
2 5 6 7 1 8 3 9 4 
YES
2 1 3 7 4 8 5 6 10 9 
NO
YES
6 3 7 2 5 1 8 9 4 
YES
4 2 6 1 7 3 10 8 9 5 
NO
YES
1 2 4 3 6 7 9 8 5 10 
NO
YES
4 3 2 10 5 1 6 9 7 8 
NO
YES
1 2 4 5 3 6 8 7 9 
NO
YES
4 2 1 8 5 6 3 9 7 
NO
YES
3 1 5 2 9 6 8 4 7 
YES
2 1 4 5 3 7 6 10 8 9 
NO
NO
YES
2 1 3 5 4 6 7 8 9 10 
NO
NO
YES
4 1 6 2 8 5 9 7 3 
NO
NO
YES
2 1 4 5 3 9 6 7 8 
NO
YES
2 1 3 4 6 5 7 9 8 
YES
3 1 4 5 6 7 8 9 2 
NO
NO
NO
YES
4 5 2 6 1 10 3 7 9 8 
NO
YES
3 2 6 1 4 5 7 8 9 
YES
2 1 3 5 8 4 9 6 7 
YES
2 3 1 4 5 6 7 9 8 10 
YES
1 3 5 8 2 4 9 7 6 10 
NO
NO
YES
2 1 3 4 8 9 5 7 6 
YES
5 4 6 1 8 9 10 2 3 7 
YES
2 4 5 6 1 8 3 9 7 
NO
NO
NO
YES
3 4 5 7 2 6 1 8 9 
YES
1 2 5 3 4 8 6 9 7 10 
YES
2 1 5 6 3 7 4 9 10 8 
YES
4 1 2 3 7 5 8 9 6 
NO
YES
4 2 6 1 7 3 9 5 8 
NO
NO
YES
3 4 5 6 1 8 2 9 7 
YES
2 1 3 4 8 5 7 6 9 
YES
1 2 5 3 6 4 7 9 10 8 
YES
2 1 4 5 3 8 9 6 7 
YES
5 4 3 7 6 1 9 10 8 2 
NO
YES
3 2 1 4 7 9 8 6 5 
NO
YES
1 2 5 3 4 7 6 9 8 
NO
YES
2 3 5 6 1 7 4 8 9 10 
NO
YES
2 1 3 4 5 9 8 6 10 7 
YES
2 1 3 4 8 5 10 9 6 7 
NO
NO
NO
YES
3 2 4 1 7 5 8 6 9 
YES
1 2 4 6 3 7 5 9 8 
YES
7 3 8 2 4 1 9 5 6 
YES
6 2 7 1 10 3 8 4 9 5 
YES
3 1 2 4 5 8 7 6 9 
YES
2 1 3 5 4 6 8 9 7 10 
YES
4 1 2 5 6 7 9 3 10 8 
NO
NO
YES
4 1 5 2 3 8 6 9 7 
YES
2 3 4 5 1 7 8 6 9 
NO
YES
4 3 8 1 9 5 6 2 10 7 
YES
4 3 6 1 7 8 2 5 10 9 
YES
1 2 3 4 8 5 6 7 9 
YES
4 2 1 3 5 8 6 7 9 10 
YES
2 1 3 6 4 5 9 10 7 8 
YES
3 2 4 1 5 6 7 10 8 9 
YES
3 2 1 8 4 5 6 7 9 
YES
2 1 8 3 4 7 9 10 5 6 
NO
NO
YES
2 1 3 4 7 5 8 9 6 
YES
5 2 1 3 6 9 7 8 4 
YES
3 1 2 7 6 8 9 4 5 
YES
3 1 2 7 4 8 5 6 9 
YES
2 3 5 6 1 8 4 7 9 10 
