YES
3 6 1 7 8 16 4 2 5 9 10 11 12 14 13 17 15 19 18 
YES
4 2 5 1 6 7 13 3 8 12 11 19 10 9 16 14 18 15 17 
NO
YES
1 2 3 7 8 13 4 6 15 16 9 11 10 17 5 18 14 12 19 
NO
YES
5 1 2 4 6 7 8 3 9 15 10 11 18 13 14 17 16 12 
NO
NO
YES
4 1 2 3 7 8 9 6 15 12 10 5 11 17 14 13 16 18 
NO
YES
4 1 5 2 18 3 9 13 8 6 12 16 17 7 10 15 11 14 
YES
4 5 6 10 3 2 7 14 8 9 13 12 1 16 11 18 15 17 19 
NO
NO
NO
YES
3 1 6 2 4 5 8 14 7 9 11 10 12 13 17 16 15 18 
YES
2 1 4 7 3 18 17 9 5 13 6 14 10 16 12 15 8 11 19 
YES
2 1 3 4 5 8 6 11 14 17 7 19 10 12 15 9 13 16 18 
YES
2 4 1 5 7 10 14 6 3 16 9 18 11 8 17 19 15 12 13 
YES
2 3 1 5 6 13 4 8 11 14 12 7 15 16 9 10 17 18 
YES
10 6 11 1 9 2 14 3 17 12 16 4 18 8 5 7 15 19 13 
NO
NO
NO
YES
4 3 7 2 9 10 12 19 16 1 11 5 6 8 14 13 17 15 18 
YES
2 3 1 6 9 7 10 4 8 11 5 13 19 12 14 16 18 15 17 
NO
YES
3 1 2 4 6 7 15 16 18 10 9 5 11 8 12 17 19 13 14 
YES
3 1 5 2 4 7 6 8 12 10 16 9 14 13 11 17 15 18 19 
NO
YES
3 1 2 11 4 5 14 8 16 12 6 13 7 15 9 10 18 19 17 
YES
2 1 3 6 7 10 8 17 4 12 9 11 13 14 5 16 15 18 
YES
3 1 2 4 5 8 6 7 17 15 13 9 18 14 19 10 11 12 16 
NO
YES
4 2 6 1 3 5 9 11 7 10 12 15 16 14 18 8 13 17 
YES
1 2 3 6 4 10 9 12 5 7 11 13 15 17 14 8 16 18 
NO
YES
3 4 2 6 5 8 1 9 7 10 12 11 15 16 18 19 13 17 14 
NO
NO
NO
YES
2 1 3 9 5 14 10 13 18 4 8 15 6 11 19 16 7 12 17 
YES
1 2 3 7 6 9 12 10 19 4 13 11 16 8 15 14 5 17 18 
YES
7 6 1 12 8 16 9 2 10 3 11 4 13 14 18 17 5 15 
YES
4 1 5 2 6 3 9 12 8 10 16 7 17 19 11 13 15 18 14 
YES
3 4 2 5 1 6 16 7 11 12 14 10 17 8 9 13 15 19 18 
YES
3 1 6 2 8 4 5 11 13 14 10 15 9 12 7 16 17 18 19 
NO
YES
3 2 5 1 4 7 10 13 12 9 16 6 11 14 8 17 18 19 15 
YES
3 1 5 2 6 4 12 7 10 8 13 9 11 14 15 16 17 18 19 
YES
1 2 4 3 5 10 6 18 12 15 7 8 9 14 13 11 16 17 
YES
2 1 7 3 10 4 11 5 12 6 13 16 19 8 15 17 9 18 14 
NO
NO
YES
5 2 1 3 7 6 9 10 4 8 11 19 18 12 13 16 15 14 17 
YES
2 3 1 5 4 9 6 11 8 12 13 14 16 7 10 17 15 18 
YES
3 2 4 1 14 5 13 15 6 18 7 8 9 11 12 16 17 10 19 
NO
NO
YES
4 3 2 5 7 10 1 12 11 6 8 14 15 13 16 18 17 9 19 
YES
1 2 3 4 6 5 9 7 18 8 10 11 17 15 19 13 16 12 14 
NO
YES
4 1 2 5 6 12 17 18 3 8 7 9 16 11 13 10 15 14 19 
YES
3 1 4 2 5 13 8 15 16 6 18 7 11 9 12 10 17 19 14 
NO
YES
10 4 11 3 6 1 12 5 14 7 15 8 13 17 18 2 16 9 
NO
YES
5 6 1 7 2 8 3 17 14 9 15 10 4 11 16 13 12 18 
NO
YES
4 3 1 7 5 14 8 2 6 13 9 10 17 18 15 16 12 11 
YES
3 2 1 4 6 10 5 7 17 16 11 12 8 9 18 14 13 15 
NO
YES
2 1 4 6 3 15 10 13 5 11 8 9 12 7 18 14 16 17 
NO
NO
YES
2 3 1 4 12 14 6 10 17 18 11 5 13 7 16 19 15 8 9 
NO
NO
YES
1 3 2 4 5 6 8 10 12 13 9 7 14 18 15 19 11 17 16 
YES
3 2 1 12 5 14 6 4 8 10 15 13 18 17 7 16 11 9 19 
YES
4 2 5 1 8 3 13 6 17 18 11 12 7 9 16 10 15 14 
YES
4 5 2 6 7 9 1 3 11 10 18 12 8 15 13 19 14 16 17 
NO
NO
YES
1 3 4 6 2 5 8 11 15 9 7 16 10 14 12 18 13 17 
YES
1 4 2 5 3 12 11 6 18 7 8 14 10 9 16 17 13 15 
YES
3 2 1 5 4 8 6 11 9 10 14 13 18 12 16 7 19 15 17 
NO
NO
YES
3 2 1 13 5 6 7 15 4 11 8 18 10 14 12 9 17 16 
NO
NO
YES
4 1 5 2 3 7 6 8 9 12 10 13 11 17 15 14 16 18 
NO
NO
YES
4 1 5 2 6 11 13 3 9 8 7 15 17 14 18 16 10 19 12 
YES
3 2 1 5 4 9 11 15 16 8 6 10 19 12 7 17 13 14 18 
NO
YES
4 3 2 9 5 13 10 15 1 8 7 18 11 17 12 6 16 14 
NO
